<?xml version="1.0" encoding="UTF-8"?>
<testng-results ignored="0" total="1" passed="1" failed="0" skipped="0">
  <reporter-output>
    <line>
      <![CDATA[login app]]>
    </line>
  </reporter-output>
  <suite started-at="2023-01-03T20:59:33 IST" name="Default suite" finished-at="2023-01-03T20:59:47 IST" duration-ms="14444">
    <groups>
    </groups>
    <test started-at="2023-01-03T20:59:33 IST" name="Default test" finished-at="2023-01-03T20:59:47 IST" duration-ms="14444">
      <class name="test23.TC15">
        <test-method is-config="true" signature="kk()[pri:0, instance:test23.TC15@12aba8be]" started-at="2023-01-03T20:59:33 IST" name="kk" finished-at="2023-01-03T20:59:45 IST" duration-ms="12292" status="PASS">
          <reporter-output>
          </reporter-output>
        </test-method> <!-- kk -->
        <test-method is-config="true" signature="kk23()[pri:0, instance:test23.TC15@12aba8be]" started-at="2023-01-03T20:59:45 IST" name="kk23" finished-at="2023-01-03T20:59:45 IST" duration-ms="5" status="PASS">
          <reporter-output>
            <line>
              <![CDATA[login app]]>
            </line>
          </reporter-output>
        </test-method> <!-- kk23 -->
        <test-method signature="Verifytitle()[pri:0, instance:test23.TC15@12aba8be]" started-at="2023-01-03T20:59:45 IST" name="Verifytitle" finished-at="2023-01-03T20:59:47 IST" duration-ms="2050" status="PASS">
          <reporter-output>
          </reporter-output>
        </test-method> <!-- Verifytitle -->
      </class> <!-- test23.TC15 -->
    </test> <!-- Default test -->
  </suite> <!-- Default suite -->
</testng-results>
